# JRE version: Java(TM) SE Runtime Environment (8.0_121-b13) (build 1.8.0_121-b13)
# Java VM: Java HotSpot(TM) Client VM (25.121-b13 mixed mode windows-x86 )
Heap:
 def new generation   total 5184K, used 4906K [0x0e200000, 0x0e790000, 0x0eca0000)
  eden space 4672K,  94% used [0x0e200000, 0x0e64aa18, 0x0e690000)
  from space 512K, 100% used [0x0e710000, 0x0e790000, 0x0e790000)
  to   space 512K,   0% used [0x0e690000, 0x0e690000, 0x0e710000)
 tenured generation   total 11328K, used 7376K [0x0eca0000, 0x0f7b0000, 0x10200000)
   the space 11328K,  65% used [0x0eca0000, 0x0f3d42b8, 0x0f3d4400, 0x0f7b0000)
 Metaspace       used 9964K, capacity 10714K, committed 11136K, reserved 11648K
GC Heap History (10 events):
Event: 13.366 GC heap before
{Heap before GC invocations=13 (full 0):
 def new generation   total 4928K, used 4928K [0x0e200000, 0x0e750000, 0x0eca0000)
  eden space 4416K, 100% used [0x0e200000, 0x0e650000, 0x0e650000)
  from space 512K, 100% used [0x0e6d0000, 0x0e750000, 0x0e750000)
  to   space 512K,   0% used [0x0e650000, 0x0e650000, 0x0e6d0000)
 tenured generation   total 10944K, used 9438K [0x0eca0000, 0x0f750000, 0x10200000)
   the space 10944K,  86% used [0x0eca0000, 0x0f5d78f8, 0x0f5d7a00, 0x0f750000)
 Metaspace       used 8490K, capacity 9429K, committed 9472K, reserved 9600K
Event: 13.369 GC heap after
Heap after GC invocations=14 (full 0):
 def new generation   total 4928K, used 511K [0x0e200000, 0x0e750000, 0x0eca0000)
  eden space 4416K,   0% used [0x0e200000, 0x0e200000, 0x0e650000)
  from space 512K,  99% used [0x0e650000, 0x0e6cff30, 0x0e6d0000)
  to   space 512K,   0% used [0x0e6d0000, 0x0e6d0000, 0x0e750000)
 tenured generation   total 10944K, used 10004K [0x0eca0000, 0x0f750000, 0x10200000)
   the space 10944K,  91% used [0x0eca0000, 0x0f665158, 0x0f665200, 0x0f750000)
 Metaspace       used 8490K, capacity 9429K, committed 9472K, reserved 9600K
}
Event: 13.473 GC heap before
{Heap before GC invocations=14 (full 0):
 def new generation   total 4928K, used 4927K [0x0e200000, 0x0e750000, 0x0eca0000)
  eden space 4416K, 100% used [0x0e200000, 0x0e650000, 0x0e650000)
  from space 512K,  99% used [0x0e650000, 0x0e6cff30, 0x0e6d0000)
  to   space 512K,   0% used [0x0e6d0000, 0x0e6d0000, 0x0e750000)
 tenured generation   total 10944K, used 10004K [0x0eca0000, 0x0f750000, 0x10200000)
   the space 10944K,  91% used [0x0eca0000, 0x0f665158, 0x0f665200, 0x0f750000)
 Metaspace       used 8548K, capacity 9463K, committed 9472K, reserved 9600K
Event: 13.476 GC heap after
Heap after GC invocations=15 (full 0):
 def new generation   total 4928K, used 397K [0x0e200000, 0x0e750000, 0x0eca0000)
  eden space 4416K,   0% used [0x0e200000, 0x0e200000, 0x0e650000)
  from space 512K,  77% used [0x0e6d0000, 0x0e733718, 0x0e750000)
  to   space 512K,   0% used [0x0e650000, 0x0e650000, 0x0e6d0000)
 tenured generation   total 10944K, used 10245K [0x0eca0000, 0x0f750000, 0x10200000)
   the space 10944K,  93% used [0x0eca0000, 0x0f6a1480, 0x0f6a1600, 0x0f750000)
 Metaspace       used 8548K, capacity 9463K, committed 9472K, reserved 9600K
}
Event: 34.770 GC heap before
{Heap before GC invocations=15 (full 0):
 def new generation   total 4928K, used 4813K [0x0e200000, 0x0e750000, 0x0eca0000)
  eden space 4416K, 100% used [0x0e200000, 0x0e650000, 0x0e650000)
  from space 512K,  77% used [0x0e6d0000, 0x0e733718, 0x0e750000)
  to   space 512K,   0% used [0x0e650000, 0x0e650000, 0x0e6d0000)
 tenured generation   total 10944K, used 10245K [0x0eca0000, 0x0f750000, 0x10200000)
   the space 10944K,  93% used [0x0eca0000, 0x0f6a1480, 0x0f6a1600, 0x0f750000)
 Metaspace       used 8565K, capacity 9498K, committed 9600K, reserved 9600K
Event: 34.772 GC heap after
Heap after GC invocations=16 (full 0):
 def new generation   total 4928K, used 315K [0x0e200000, 0x0e750000, 0x0eca0000)
  eden space 4416K,   0% used [0x0e200000, 0x0e200000, 0x0e650000)
  from space 512K,  61% used [0x0e650000, 0x0e69ee88, 0x0e6d0000)
  to   space 512K,   0% used [0x0e6d0000, 0x0e6d0000, 0x0e750000)
 tenured generation   total 10944K, used 10484K [0x0eca0000, 0x0f750000, 0x10200000)
   the space 10944K,  95% used [0x0eca0000, 0x0f6dd048, 0x0f6dd200, 0x0f750000)
 Metaspace       used 8565K, capacity 9498K, committed 9600K, reserved 9600K
}
Event: 35.373 GC heap before
{Heap before GC invocations=16 (full 0):
 def new generation   total 4928K, used 4731K [0x0e200000, 0x0e750000, 0x0eca0000)
  eden space 4416K, 100% used [0x0e200000, 0x0e650000, 0x0e650000)
  from space 512K,  61% used [0x0e650000, 0x0e69ee88, 0x0e6d0000)
  to   space 512K,   0% used [0x0e6d0000, 0x0e6d0000, 0x0e750000)
 tenured generation   total 10944K, used 10484K [0x0eca0000, 0x0f750000, 0x10200000)
   the space 10944K,  95% used [0x0eca0000, 0x0f6dd048, 0x0f6dd200, 0x0f750000)
 Metaspace       used 9854K, capacity 10761K, committed 10880K, reserved 11648K
Event: 35.396 GC heap after
Heap after GC invocations=17 (full 1):
 def new generation   total 5184K, used 0K [0x0e200000, 0x0e790000, 0x0eca0000)
  eden space 4672K,   0% used [0x0e200000, 0x0e200000, 0x0e690000)
  from space 512K,   0% used [0x0e690000, 0x0e690000, 0x0e710000)
  to   space 512K,   0% used [0x0e710000, 0x0e710000, 0x0e790000)
 tenured generation   total 11328K, used 6852K [0x0eca0000, 0x0f7b0000, 0x10200000)
   the space 11328K,  60% used [0x0eca0000, 0x0f3513f0, 0x0f351400, 0x0f7b0000)
 Metaspace       used 9732K, capacity 10411K, committed 10880K, reserved 11648K
}
Event: 37.616 GC heap before
{Heap before GC invocations=17 (full 1):
 def new generation   total 5184K, used 4671K [0x0e200000, 0x0e790000, 0x0eca0000)
  eden space 4672K,  99% used [0x0e200000, 0x0e68fc10, 0x0e690000)
  from space 512K,   0% used [0x0e690000, 0x0e690000, 0x0e710000)
  to   space 512K,   0% used [0x0e710000, 0x0e710000, 0x0e790000)
 tenured generation   total 11328K, used 6852K [0x0eca0000, 0x0f7b0000, 0x10200000)
   the space 11328K,  60% used [0x0eca0000, 0x0f3513f0, 0x0f351400, 0x0f7b0000)
 Metaspace       used 9951K, capacity 10680K, committed 11136K, reserved 11648K
Event: 37.620 GC heap after
Heap after GC invocations=18 (full 1):
 def new generation   total 5184K, used 512K [0x0e200000, 0x0e790000, 0x0eca0000)
  eden space 4672K,   0% used [0x0e200000, 0x0e200000, 0x0e690000)
  from space 512K, 100% used [0x0e710000, 0x0e790000, 0x0e790000)
  to   space 512K,   0% used [0x0e690000, 0x0e690000, 0x0e710000)
 tenured generation   total 11328K, used 7376K [0x0eca0000, 0x0f7b0000, 0x10200000)
   the space 11328K,  65% used [0x0eca0000, 0x0f3d42b8, 0x0f3d4400, 0x0f7b0000)
 Metaspace       used 9951K, capacity 10680K, committed 11136K, reserved 11648K
}

